<?xml version="1.0" encoding="UTF-8"?>
<!-- Generated by org.testng.reporters.JUnitReportReporter -->
<testsuite hostname="priya-thakur" failures="0" tests="1" name="com.qa.tests.TestLog4j" time="0.004" errors="0" timestamp="2022-08-25T19:29:22 IST" skipped="0">
  <testcase classname="com.qa.tests.TestLog4j" name="testLog4jLogging" time="0.004"/>
  <system-out/>
</testsuite> <!-- com.qa.tests.TestLog4j -->
