<?xml version="1.0" encoding="UTF-8"?>
<!-- Generated by org.testng.reporters.JUnitReportReporter -->
<testsuite hostname="priya-thakur" failures="0" tests="5" name="com.qa.tests.TestLombokFunc" time="0.027" errors="0" timestamp="2022-08-25T19:29:22 IST" skipped="0">
  <testcase classname="com.qa.tests.TestLombokFunc" name="func1" time="0.003"/>
  <system-out/>
  <testcase classname="com.qa.tests.TestLombokFunc" name="testBuilder" time="0.010"/>
  <system-out/>
  <testcase classname="com.qa.tests.TestLombokFunc" name="testReqFields" time="0.007"/>
  <system-out/>
  <testcase classname="com.qa.tests.TestLombokFunc" name="testLogging" time="0.001"/>
  <system-out/>
  <testcase classname="com.qa.tests.TestLombokFunc" name="testDataFeature" time="0.006"/>
  <system-out/>
</testsuite> <!-- com.qa.tests.TestLombokFunc -->
